<?xml version="1.0" encoding="UTF-8"?>
<testng-results skipped="0" failed="0" total="1" passed="1">
  <reporter-output>
  </reporter-output>
  <suite name="Default suite" duration-ms="33509" started-at="2018-01-30T03:20:43Z" finished-at="2018-01-30T03:21:17Z">
    <groups>
    </groups>
    <test name="Default test" duration-ms="33509" started-at="2018-01-30T03:20:43Z" finished-at="2018-01-30T03:21:17Z">
      <class name="com.mycompany.app.SearchProducts">
        <test-method status="PASS" signature="searchProduct()[pri:0, instance:com.mycompany.app.SearchProducts@15ff3e9e]" name="searchProduct" duration-ms="33494" started-at="2018-01-29T21:20:43Z" finished-at="2018-01-29T21:21:17Z">
          <reporter-output>
          </reporter-output>
        </test-method> <!-- searchProduct -->
      </class> <!-- com.mycompany.app.SearchProducts -->
    </test> <!-- Default test -->
  </suite> <!-- Default suite -->
</testng-results>
