<?xml version="1.0" encoding="UTF-8"?>
<testng-results skipped="0" failed="0" total="1" passed="1">
  <reporter-output>
  </reporter-output>
  <suite name="Default suite" duration-ms="2696" started-at="2018-01-28T07:34:31Z" finished-at="2018-01-28T07:34:33Z">
    <groups>
    </groups>
    <test name="Default test" duration-ms="2696" started-at="2018-01-28T07:34:31Z" finished-at="2018-01-28T07:34:33Z">
      <class name="basicspackage.AllElementsOfResponse">
        <test-method status="PASS" signature="getData()[pri:0, instance:basicspackage.AllElementsOfResponse@4520ebad]" name="getData" is-config="true" duration-ms="7" started-at="2018-01-28T01:34:31Z" finished-at="2018-01-28T01:34:31Z">
          <reporter-output>
          </reporter-output>
        </test-method> <!-- getData -->
        <test-method status="PASS" signature="getAllElements()[pri:0, instance:basicspackage.AllElementsOfResponse@4520ebad]" name="getAllElements" duration-ms="2680" started-at="2018-01-28T01:34:31Z" finished-at="2018-01-28T01:34:33Z">
          <reporter-output>
          </reporter-output>
        </test-method> <!-- getAllElements -->
      </class> <!-- basicspackage.AllElementsOfResponse -->
    </test> <!-- Default test -->
  </suite> <!-- Default suite -->
</testng-results>
